<?xml version="1.0" encoding="UTF-8"?>
<!-- Generated by org.testng.reporters.JUnitReportReporter -->
<testsuite skipped="0" hostname="BDC8-LX-6020J6J" name="SeleniumSession.TestNGPractice" tests="3" failures="0" timestamp="2019-11-14T03:31:15 PST" time="355.008" errors="0">
  <testcase name="Test1" time="91.643" classname="SeleniumSession.TestNGPractice"/>
  <testcase name="Test3" time="99.771" classname="SeleniumSession.TestNGPractice"/>
  <testcase name="Test" time="163.594" classname="SeleniumSession.TestNGPractice"/>
</testsuite> <!-- SeleniumSession.TestNGPractice -->
